INFO: cli.cli: Verbose mode enabled.
INFO: spreadsheet.sheet_image: Workbook is /home/john/Downloads/Magers___Quinn_Wholesale_new_since_1.18.24.xlsx
INFO: spreadsheet.sheet_image: Worksheet is mq
INFO: spreadsheet.insert_image: Inserted '/home/john/.local/share/artemis_sg/downloaded_images/thumbnails/9781771648721.jpg'.
INFO: spreadsheet.insert_image: Inserted '/home/john/.local/share/artemis_sg/downloaded_images/thumbnails/9781771648301.jpg'.
INFO: spreadsheet.insert_image: Inserted '/home/john/.local/share/artemis_sg/downloaded_images/thumbnails/9781844091850.jpg'.
INFO: spreadsheet.insert_image: Inserted '/home/john/.local/share/artemis_sg/downloaded_images/thumbnails/9781844090198.jpg'.
INFO: spreadsheet.insert_image: Inserted '/home/john/.local/share/artemis_sg/downloaded_images/thumbnails/9780892818532.jpg'.
INFO: spreadsheet.insert_image: Inserted '/home/john/.local/share/artemis_sg/downloaded_images/thumbnails/9781844095162.jpg'.
INFO: spreadsheet.insert_image: Inserted '/home/john/.local/share/artemis_sg/downloaded_images/thumbnails/9780892813407.jpg'.
INFO: spreadsheet.insert_image: Inserted '/home/john/.local/share/artemis_sg/downloaded_images/thumbnails/9781743368831.jpg'.
INFO: spreadsheet.insert_image: Inserted '/home/john/.local/share/artemis_sg/downloaded_images/thumbnails/9781785786112.jpg'.
INFO: spreadsheet.insert_image: Inserted '/home/john/.local/share/artemis_sg/downloaded_images/thumbnails/9781576235393.jpg'.
INFO: spreadsheet.insert_image: Inserted '/home/john/.local/share/artemis_sg/downloaded_images/thumbnails/9781576235249.jpg'.
INFO: spreadsheet.insert_image: Inserted '/home/john/.local/share/artemis_sg/downloaded_images/thumbnails/9780739093528.jpg'.
INFO: spreadsheet.insert_image: Inserted '/home/john/.local/share/artemis_sg/downloaded_images/thumbnails/9781957363097.jpg'.
INFO: spreadsheet.insert_image: Inserted '/home/john/.local/share/artemis_sg/downloaded_images/thumbnails/9781771645157.jpg'.
INFO: spreadsheet.insert_image: Inserted '/home/john/.local/share/artemis_sg/downloaded_images/thumbnails/9781913348069.jpg'.
INFO: spreadsheet.insert_image: Inserted '/home/john/.local/share/artemis_sg/downloaded_images/thumbnails/9781913348663.jpg'.
INFO: spreadsheet.insert_image: Inserted '/home/john/.local/share/artemis_sg/downloaded_images/thumbnails/9781950354795.jpg'.
INFO: spreadsheet.insert_image: Inserted '/home/john/.local/share/artemis_sg/downloaded_images/thumbnails/9781783528516.jpg'.
INFO: spreadsheet.insert_image: Inserted '/home/john/.local/share/artemis_sg/downloaded_images/thumbnails/9781590173299.jpg'.
INFO: spreadsheet.insert_image: Inserted '/home/john/.local/share/artemis_sg/downloaded_images/thumbnails/9781950354948.jpg'.
INFO: spreadsheet.insert_image: Inserted '/home/john/.local/share/artemis_sg/downloaded_images/thumbnails/9781957363370.jpg'.
INFO: spreadsheet.insert_image: Inserted '/home/john/.local/share/artemis_sg/downloaded_images/thumbnails/9781783524266.jpg'.
INFO: spreadsheet.insert_image: Inserted '/home/john/.local/share/artemis_sg/downloaded_images/thumbnails/9781594773433.jpg'.
INFO: spreadsheet.insert_image: Inserted '/home/john/.local/share/artemis_sg/downloaded_images/thumbnails/9781594771378.jpg'.
INFO: spreadsheet.insert_image: Inserted '/home/john/.local/share/artemis_sg/downloaded_images/thumbnails/9781594772856.jpg'.
INFO: spreadsheet.insert_image: Inserted '/home/john/.local/share/artemis_sg/downloaded_images/thumbnails/9780892819683.jpg'.
INFO: spreadsheet.insert_image: Inserted '/home/john/.local/share/artemis_sg/downloaded_images/thumbnails/9780892813339.jpg'.
INFO: spreadsheet.insert_image: Inserted '/home/john/.local/share/artemis_sg/downloaded_images/thumbnails/9780892814916.jpg'.
INFO: spreadsheet.insert_image: Inserted '/home/john/.local/share/artemis_sg/downloaded_images/thumbnails/9781620557808.jpg'.
INFO: spreadsheet.insert_image: Inserted '/home/john/.local/share/artemis_sg/downloaded_images/thumbnails/9781620557822.jpg'.
INFO: spreadsheet.insert_image: Inserted '/home/john/.local/share/artemis_sg/downloaded_images/thumbnails/9780892810871.jpg'.
INFO: spreadsheet.insert_image: Inserted '/home/john/.local/share/artemis_sg/downloaded_images/thumbnails/9780892810871.jpg'.
INFO: spreadsheet.insert_image: Inserted '/home/john/.local/share/artemis_sg/downloaded_images/thumbnails/9781594771101.jpg'.
INFO: spreadsheet.insert_image: Inserted '/home/john/.local/share/artemis_sg/downloaded_images/thumbnails/9781594772672.jpg'.
INFO: spreadsheet.insert_image: Inserted '/home/john/.local/share/artemis_sg/downloaded_images/thumbnails/9781844096725.jpg'.
INFO: spreadsheet.insert_image: Inserted '/home/john/.local/share/artemis_sg/downloaded_images/thumbnails/9780892815470.jpg'.
INFO: spreadsheet.insert_image: Inserted '/home/john/.local/share/artemis_sg/downloaded_images/thumbnails/9781620557495.jpg'.
INFO: spreadsheet.insert_image: Inserted '/home/john/.local/share/artemis_sg/downloaded_images/thumbnails/9781594770807.jpg'.
INFO: spreadsheet.insert_image: Inserted '/home/john/.local/share/artemis_sg/downloaded_images/thumbnails/9781594770548.jpg'.
INFO: spreadsheet.insert_image: Inserted '/home/john/.local/share/artemis_sg/downloaded_images/thumbnails/9780892813971.jpg'.
INFO: spreadsheet.insert_image: Inserted '/home/john/.local/share/artemis_sg/downloaded_images/thumbnails/9781620558966.jpg'.
INFO: spreadsheet.insert_image: Inserted '/home/john/.local/share/artemis_sg/downloaded_images/thumbnails/9781594770777.jpg'.
INFO: spreadsheet.insert_image: Inserted '/home/john/.local/share/artemis_sg/downloaded_images/thumbnails/9781620555873.jpg'.
INFO: spreadsheet.insert_image: Inserted '/home/john/.local/share/artemis_sg/downloaded_images/thumbnails/9781644112557.jpg'.
INFO: spreadsheet.insert_image: Inserted '/home/john/.local/share/artemis_sg/downloaded_images/thumbnails/9781644110492.jpg'.
INFO: spreadsheet.insert_image: Inserted '/home/john/.local/share/artemis_sg/downloaded_images/thumbnails/9781620554111.jpg'.
INFO: spreadsheet.insert_image: Inserted '/home/john/.local/share/artemis_sg/downloaded_images/thumbnails/9781899171248.jpg'.
INFO: spreadsheet.insert_image: Inserted '/home/john/.local/share/artemis_sg/downloaded_images/thumbnails/9781620556481.jpg'.
INFO: spreadsheet.insert_image: Inserted '/home/john/.local/share/artemis_sg/downloaded_images/thumbnails/9781644114926.jpg'.
INFO: spreadsheet.insert_image: Inserted '/home/john/.local/share/artemis_sg/downloaded_images/thumbnails/9781594773099.jpg'.
INFO: spreadsheet.insert_image: Inserted '/home/john/.local/share/artemis_sg/downloaded_images/thumbnails/9780892818419.jpg'.
INFO: spreadsheet.insert_image: Inserted '/home/john/.local/share/artemis_sg/downloaded_images/thumbnails/9781594772146.jpg'.
INFO: spreadsheet.insert_image: Inserted '/home/john/.local/share/artemis_sg/downloaded_images/thumbnails/9780892816330.jpg'.
INFO: spreadsheet.insert_image: Inserted '/home/john/.local/share/artemis_sg/downloaded_images/thumbnails/9781844096428.jpg'.
INFO: spreadsheet.insert_image: Inserted '/home/john/.local/share/artemis_sg/downloaded_images/thumbnails/9781844096220.jpg'.
INFO: spreadsheet.insert_image: Inserted '/home/john/.local/share/artemis_sg/downloaded_images/thumbnails/9781620559024.jpg'.
INFO: spreadsheet.insert_image: Inserted '/home/john/.local/share/artemis_sg/downloaded_images/thumbnails/9780892814268.jpg'.
INFO: spreadsheet.insert_image: Inserted '/home/john/.local/share/artemis_sg/downloaded_images/thumbnails/9780892814893.jpg'.
INFO: spreadsheet.insert_image: Inserted '/home/john/.local/share/artemis_sg/downloaded_images/thumbnails/9781594772061.jpg'.
INFO: spreadsheet.insert_image: Inserted '/home/john/.local/share/artemis_sg/downloaded_images/thumbnails/9780892814817.jpg'.
INFO: spreadsheet.insert_image: Inserted '/home/john/.local/share/artemis_sg/downloaded_images/thumbnails/9780892812462.jpg'.
INFO: spreadsheet.insert_image: Inserted '/home/john/.local/share/artemis_sg/downloaded_images/thumbnails/9781620555811.jpg'.
INFO: spreadsheet.insert_image: Inserted '/home/john/.local/share/artemis_sg/downloaded_images/thumbnails/9781844091300.jpg'.
INFO: spreadsheet.insert_image: Inserted '/home/john/.local/share/artemis_sg/downloaded_images/thumbnails/9780892817757.jpg'.
INFO: spreadsheet.insert_image: Inserted '/home/john/.local/share/artemis_sg/downloaded_images/thumbnails/9781594770234.jpg'.
INFO: spreadsheet.insert_image: Inserted '/home/john/.local/share/artemis_sg/downloaded_images/thumbnails/9780892816187.jpg'.
INFO: spreadsheet.insert_image: Inserted '/home/john/.local/share/artemis_sg/downloaded_images/thumbnails/9781620555859.jpg'.
INFO: spreadsheet.insert_image: Inserted '/home/john/.local/share/artemis_sg/downloaded_images/thumbnails/9780892816323.jpg'.
INFO: spreadsheet.insert_image: Inserted '/home/john/.local/share/artemis_sg/downloaded_images/thumbnails/9780892818365.jpg'.
INFO: spreadsheet.insert_image: Inserted '/home/john/.local/share/artemis_sg/downloaded_images/thumbnails/9781644114834.jpg'.
INFO: spreadsheet.insert_image: Inserted '/home/john/.local/share/artemis_sg/downloaded_images/thumbnails/9780892812912.jpg'.
INFO: spreadsheet.insert_image: Inserted '/home/john/.local/share/artemis_sg/downloaded_images/thumbnails/9781620558225.jpg'.
INFO: spreadsheet.insert_image: Inserted '/home/john/.local/share/artemis_sg/downloaded_images/thumbnails/9781620556993.jpg'.
INFO: spreadsheet.insert_image: Inserted '/home/john/.local/share/artemis_sg/downloaded_images/thumbnails/9781620558188.jpg'.
INFO: spreadsheet.insert_image: Inserted '/home/john/.local/share/artemis_sg/downloaded_images/thumbnails/9781771648790.jpg'.
INFO: spreadsheet.insert_image: Inserted '/home/john/.local/share/artemis_sg/downloaded_images/thumbnails/9781620556344.jpg'.
INFO: spreadsheet.insert_image: Inserted '/home/john/.local/share/artemis_sg/downloaded_images/thumbnails/9781644110935.jpg'.
INFO: spreadsheet.insert_image: Inserted '/home/john/.local/share/artemis_sg/downloaded_images/thumbnails/9780892811847.jpg'.
INFO: spreadsheet.insert_image: Inserted '/home/john/.local/share/artemis_sg/downloaded_images/thumbnails/9781620557785.jpg'.
INFO: spreadsheet.insert_image: Inserted '/home/john/.local/share/artemis_sg/downloaded_images/thumbnails/9781620557099.jpg'.
INFO: spreadsheet.insert_image: Inserted '/home/john/.local/share/artemis_sg/downloaded_images/thumbnails/9781620554845.jpg'.
INFO: spreadsheet.insert_image: Inserted '/home/john/.local/share/artemis_sg/downloaded_images/thumbnails/9781620554982.jpg'.
INFO: spreadsheet.insert_image: Inserted '/home/john/.local/share/artemis_sg/downloaded_images/thumbnails/9781844095377.jpg'.
INFO: spreadsheet.insert_image: Inserted '/home/john/.local/share/artemis_sg/downloaded_images/thumbnails/9781620556917.jpg'.
INFO: spreadsheet.insert_image: Inserted '/home/john/.local/share/artemis_sg/downloaded_images/thumbnails/9780892819256.jpg'.
INFO: spreadsheet.insert_image: Inserted '/home/john/.local/share/artemis_sg/downloaded_images/thumbnails/9781594771279.jpg'.
INFO: spreadsheet.insert_image: Inserted '/home/john/.local/share/artemis_sg/downloaded_images/thumbnails/9781620554296.jpg'.
INFO: spreadsheet.insert_image: Inserted '/home/john/.local/share/artemis_sg/downloaded_images/thumbnails/9781844097463.jpg'.
INFO: spreadsheet.insert_image: Inserted '/home/john/.local/share/artemis_sg/downloaded_images/thumbnails/9781620559109.jpg'.
INFO: spreadsheet.insert_image: Inserted '/home/john/.local/share/artemis_sg/downloaded_images/thumbnails/9780892818280.jpg'.
INFO: spreadsheet.insert_image: Inserted '/home/john/.local/share/artemis_sg/downloaded_images/thumbnails/9780892816279.jpg'.
INFO: spreadsheet.insert_image: Inserted '/home/john/.local/share/artemis_sg/downloaded_images/thumbnails/9780892816286.jpg'.
INFO: spreadsheet.insert_image: Inserted '/home/john/.local/share/artemis_sg/downloaded_images/thumbnails/9780892815302.jpg'.
INFO: spreadsheet.insert_image: Inserted '/home/john/.local/share/artemis_sg/downloaded_images/thumbnails/9780905249841.jpg'.
INFO: spreadsheet.insert_image: Inserted '/home/john/.local/share/artemis_sg/downloaded_images/thumbnails/9780892816491.jpg'.
INFO: spreadsheet.insert_image: Inserted '/home/john/.local/share/artemis_sg/downloaded_images/thumbnails/9780892812394.jpg'.
INFO: spreadsheet.insert_image: Inserted '/home/john/.local/share/artemis_sg/downloaded_images/thumbnails/9781644110416.jpg'.
INFO: spreadsheet.insert_image: Inserted '/home/john/.local/share/artemis_sg/downloaded_images/thumbnails/9780892819416.jpg'.
INFO: spreadsheet.insert_image: Inserted '/home/john/.local/share/artemis_sg/downloaded_images/thumbnails/9781644115787.jpg'.
INFO: spreadsheet.insert_image: Inserted '/home/john/.local/share/artemis_sg/downloaded_images/thumbnails/9781620557624.jpg'.
INFO: spreadsheet.insert_image: Inserted '/home/john/.local/share/artemis_sg/downloaded_images/thumbnails/9781620553053.jpg'.
INFO: spreadsheet.insert_image: Inserted '/home/john/.local/share/artemis_sg/downloaded_images/thumbnails/9780892814961.jpg'.
INFO: spreadsheet.insert_image: Inserted '/home/john/.local/share/artemis_sg/downloaded_images/thumbnails/9780892812356.jpg'.
INFO: spreadsheet.insert_image: Inserted '/home/john/.local/share/artemis_sg/downloaded_images/thumbnails/9781620555538.jpg'.
INFO: spreadsheet.insert_image: Inserted '/home/john/.local/share/artemis_sg/downloaded_images/thumbnails/9781591434078.jpg'.
INFO: spreadsheet.insert_image: Inserted '/home/john/.local/share/artemis_sg/downloaded_images/thumbnails/9780892817269.jpg'.
INFO: spreadsheet.insert_image: Inserted '/home/john/.local/share/artemis_sg/downloaded_images/thumbnails/9780892819331.jpg'.
INFO: spreadsheet.insert_image: Inserted '/home/john/.local/share/artemis_sg/downloaded_images/thumbnails/9780892816309.jpg'.
INFO: spreadsheet.insert_image: Inserted '/home/john/.local/share/artemis_sg/downloaded_images/thumbnails/9781620557358.jpg'.
INFO: spreadsheet.insert_image: Inserted '/home/john/.local/share/artemis_sg/downloaded_images/thumbnails/9781620557372.jpg'.
INFO: spreadsheet.insert_image: Inserted '/home/john/.local/share/artemis_sg/downloaded_images/thumbnails/9781620553237.jpg'.
INFO: spreadsheet.insert_image: Inserted '/home/john/.local/share/artemis_sg/downloaded_images/thumbnails/9781620555040.jpg'.
INFO: spreadsheet.insert_image: Inserted '/home/john/.local/share/artemis_sg/downloaded_images/thumbnails/9780892815319.jpg'.
INFO: spreadsheet.insert_image: Inserted '/home/john/.local/share/artemis_sg/downloaded_images/thumbnails/9780892814978.jpg'.
INFO: spreadsheet.insert_image: Inserted '/home/john/.local/share/artemis_sg/downloaded_images/thumbnails/9780892814985.jpg'.
INFO: spreadsheet.insert_image: Inserted '/home/john/.local/share/artemis_sg/downloaded_images/thumbnails/9780892818778.jpg'.
INFO: spreadsheet.insert_image: Inserted '/home/john/.local/share/artemis_sg/downloaded_images/thumbnails/9780892815388.jpg'.
INFO: spreadsheet.insert_image: Inserted '/home/john/.local/share/artemis_sg/downloaded_images/thumbnails/9780892817641.jpg'.
INFO: spreadsheet.insert_image: Inserted '/home/john/.local/share/artemis_sg/downloaded_images/thumbnails/9781620559406.jpg'.
INFO: spreadsheet.insert_image: Inserted '/home/john/.local/share/artemis_sg/downloaded_images/thumbnails/9781594772511.jpg'.
INFO: spreadsheet.insert_image: Inserted '/home/john/.local/share/artemis_sg/downloaded_images/thumbnails/9781957363349.jpg'.
INFO: spreadsheet.insert_image: Inserted '/home/john/.local/share/artemis_sg/downloaded_images/thumbnails/9781844090839.jpg'.
INFO: spreadsheet.insert_image: Inserted '/home/john/.local/share/artemis_sg/downloaded_images/thumbnails/9781620555125.jpg'.
INFO: spreadsheet.insert_image: Inserted '/home/john/.local/share/artemis_sg/downloaded_images/thumbnails/9781594771262.jpg'.
INFO: spreadsheet.insert_image: Inserted '/home/john/.local/share/artemis_sg/downloaded_images/thumbnails/9781620558089.jpg'.
INFO: spreadsheet.insert_image: Inserted '/home/john/.local/share/artemis_sg/downloaded_images/thumbnails/9781594774133.jpg'.
INFO: spreadsheet.insert_image: Inserted '/home/john/.local/share/artemis_sg/downloaded_images/thumbnails/9781778400391.jpg'.
INFO: spreadsheet.insert_image: Inserted '/home/john/.local/share/artemis_sg/downloaded_images/thumbnails/9780892818914.jpg'.
INFO: spreadsheet.insert_image: Inserted '/home/john/.local/share/artemis_sg/downloaded_images/thumbnails/9780374536480.jpg'.
INFO: spreadsheet.insert_image: Inserted '/home/john/.local/share/artemis_sg/downloaded_images/thumbnails/9781957363271.jpg'.
INFO: spreadsheet.insert_image: Inserted '/home/john/.local/share/artemis_sg/downloaded_images/thumbnails/9781778400162.jpg'.
INFO: spreadsheet.insert_image: Inserted '/home/john/.local/share/artemis_sg/downloaded_images/thumbnails/9781999917975.jpg'.
INFO: spreadsheet.insert_image: Inserted '/home/john/.local/share/artemis_sg/downloaded_images/thumbnails/9780892810031.jpg'.
INFO: spreadsheet.insert_image: Inserted '/home/john/.local/share/artemis_sg/downloaded_images/thumbnails/9781771649483.jpg'.
INFO: spreadsheet.insert_image: Inserted '/home/john/.local/share/artemis_sg/downloaded_images/thumbnails/9781591434191.jpg'.
INFO: spreadsheet.insert_image: Inserted '/home/john/.local/share/artemis_sg/downloaded_images/thumbnails/9780892818655.jpg'.
INFO: spreadsheet.insert_image: Inserted '/home/john/.local/share/artemis_sg/downloaded_images/thumbnails/9780892812530.jpg'.
INFO: spreadsheet.insert_image: Inserted '/home/john/.local/share/artemis_sg/downloaded_images/thumbnails/9781912891573.jpg'.
INFO: spreadsheet.insert_image: Inserted '/home/john/.local/share/artemis_sg/downloaded_images/thumbnails/9781770857278.jpg'.
INFO: spreadsheet.insert_image: Inserted '/home/john/.local/share/artemis_sg/downloaded_images/thumbnails/9781912891207.jpg'.
INFO: spreadsheet.insert_image: Inserted '/home/john/.local/share/artemis_sg/downloaded_images/thumbnails/9781912891191.jpg'.
INFO: spreadsheet.insert_image: Inserted '/home/john/.local/share/artemis_sg/downloaded_images/thumbnails/9780892819294.jpg'.
INFO: spreadsheet.insert_image: Inserted '/home/john/.local/share/artemis_sg/downloaded_images/thumbnails/9781620556238.jpg'.
INFO: spreadsheet.insert_image: Inserted '/home/john/.local/share/artemis_sg/downloaded_images/thumbnails/9781644116562.jpg'.
INFO: spreadsheet.insert_image: Inserted '/home/john/.local/share/artemis_sg/downloaded_images/thumbnails/9780892815906.jpg'.
INFO: spreadsheet.insert_image: Inserted '/home/john/.local/share/artemis_sg/downloaded_images/thumbnails/9781644115510.jpg'.
INFO: spreadsheet.insert_image: Inserted '/home/john/.local/share/artemis_sg/downloaded_images/thumbnails/9780892814695.jpg'.
INFO: spreadsheet.insert_image: Inserted '/home/john/.local/share/artemis_sg/downloaded_images/thumbnails/9780892811816.jpg'.
INFO: spreadsheet.insert_image: Inserted '/home/john/.local/share/artemis_sg/downloaded_images/thumbnails/9781594773020.jpg'.
INFO: spreadsheet.insert_image: Inserted '/home/john/.local/share/artemis_sg/downloaded_images/thumbnails/9780738771656.jpg'.
INFO: spreadsheet.insert_image: Inserted '/home/john/.local/share/artemis_sg/downloaded_images/thumbnails/9781620557075.jpg'.
INFO: spreadsheet.insert_image: Inserted '/home/john/.local/share/artemis_sg/downloaded_images/thumbnails/9780892811090.jpg'.
INFO: spreadsheet.insert_image: Inserted '/home/john/.local/share/artemis_sg/downloaded_images/thumbnails/9781644111086.jpg'.
INFO: spreadsheet.insert_image: Inserted '/home/john/.local/share/artemis_sg/downloaded_images/thumbnails/9781844097319.jpg'.
INFO: spreadsheet.insert_image: Inserted '/home/john/.local/share/artemis_sg/downloaded_images/thumbnails/9781844096305.jpg'.
INFO: spreadsheet.insert_image: Inserted '/home/john/.local/share/artemis_sg/downloaded_images/thumbnails/9780892817009.jpg'.
INFO: spreadsheet.insert_image: Inserted '/home/john/.local/share/artemis_sg/downloaded_images/thumbnails/9781591430308.jpg'.
INFO: spreadsheet.insert_image: Inserted '/home/john/.local/share/artemis_sg/downloaded_images/thumbnails/9781644115947.jpg'.
INFO: spreadsheet.insert_image: Inserted '/home/john/.local/share/artemis_sg/downloaded_images/thumbnails/9781591431268.jpg'.
INFO: spreadsheet.insert_image: Inserted '/home/john/.local/share/artemis_sg/downloaded_images/thumbnails/9781844096855.jpg'.
INFO: spreadsheet.insert_image: Inserted '/home/john/.local/share/artemis_sg/downloaded_images/thumbnails/9781644112717.jpg'.
INFO: spreadsheet.insert_image: Inserted '/home/john/.local/share/artemis_sg/downloaded_images/thumbnails/9781591431619.jpg'.
INFO: spreadsheet.insert_image: Inserted '/home/john/.local/share/artemis_sg/downloaded_images/thumbnails/9781620556870.jpg'.
INFO: spreadsheet.insert_image: Inserted '/home/john/.local/share/artemis_sg/downloaded_images/thumbnails/9781620555835.jpg'.
INFO: spreadsheet.insert_image: Inserted '/home/john/.local/share/artemis_sg/downloaded_images/thumbnails/9781620556856.jpg'.
INFO: spreadsheet.insert_image: Inserted '/home/john/.local/share/artemis_sg/downloaded_images/thumbnails/9781844090822.jpg'.
INFO: spreadsheet.insert_image: Inserted '/home/john/.local/share/artemis_sg/downloaded_images/thumbnails/9781620559550.jpg'.
INFO: spreadsheet.insert_image: Inserted '/home/john/.local/share/artemis_sg/downloaded_images/thumbnails/9781591431633.jpg'.
INFO: spreadsheet.insert_image: Inserted '/home/john/.local/share/artemis_sg/downloaded_images/thumbnails/9781620558751.jpg'.
INFO: spreadsheet.insert_image: Inserted '/home/john/.local/share/artemis_sg/downloaded_images/thumbnails/9781620557471.jpg'.
INFO: spreadsheet.insert_image: Inserted '/home/john/.local/share/artemis_sg/downloaded_images/thumbnails/9780892819270.jpg'.
INFO: spreadsheet.insert_image: Inserted '/home/john/.local/share/artemis_sg/downloaded_images/thumbnails/9781879181212.jpg'.
INFO: spreadsheet.insert_image: Inserted '/home/john/.local/share/artemis_sg/downloaded_images/thumbnails/9781620558591.jpg'.
INFO: spreadsheet.insert_image: Inserted '/home/john/.local/share/artemis_sg/downloaded_images/thumbnails/9781844097197.jpg'.
INFO: spreadsheet.insert_image: Inserted '/home/john/.local/share/artemis_sg/downloaded_images/thumbnails/9781879181618.jpg'.
INFO: spreadsheet.insert_image: Inserted '/home/john/.local/share/artemis_sg/downloaded_images/thumbnails/9781899171880.jpg'.
INFO: spreadsheet.insert_image: Inserted '/home/john/.local/share/artemis_sg/downloaded_images/thumbnails/9781591433385.jpg'.
INFO: spreadsheet.insert_image: Inserted '/home/john/.local/share/artemis_sg/downloaded_images/thumbnails/9781844095025.jpg'.
INFO: spreadsheet.insert_image: Inserted '/home/john/.local/share/artemis_sg/downloaded_images/thumbnails/9780892817412.jpg'.
INFO: spreadsheet.insert_image: Inserted '/home/john/.local/share/artemis_sg/downloaded_images/thumbnails/9781594774492.jpg'.
INFO: spreadsheet.insert_image: Inserted '/home/john/.local/share/artemis_sg/downloaded_images/thumbnails/9781879181335.jpg'.
INFO: spreadsheet.insert_image: Inserted '/home/john/.local/share/artemis_sg/downloaded_images/thumbnails/9781879181458.jpg'.
INFO: spreadsheet.insert_image: Inserted '/home/john/.local/share/artemis_sg/downloaded_images/thumbnails/9780892818006.jpg'.
INFO: spreadsheet.insert_image: Inserted '/home/john/.local/share/artemis_sg/downloaded_images/thumbnails/9781591432098.jpg'.
INFO: spreadsheet.insert_image: Inserted '/home/john/.local/share/artemis_sg/downloaded_images/thumbnails/9781591433682.jpg'.
INFO: spreadsheet.insert_image: Inserted '/home/john/.local/share/artemis_sg/downloaded_images/thumbnails/9781620557563.jpg'.
INFO: spreadsheet.insert_image: Inserted '/home/john/.local/share/artemis_sg/downloaded_images/thumbnails/9781644110829.jpg'.
INFO: spreadsheet.insert_image: Inserted '/home/john/.local/share/artemis_sg/downloaded_images/thumbnails/9781591433170.jpg'.
INFO: spreadsheet.insert_image: Inserted '/home/john/.local/share/artemis_sg/downloaded_images/thumbnails/9781591430834.jpg'.
INFO: spreadsheet.insert_image: Inserted '/home/john/.local/share/artemis_sg/downloaded_images/thumbnails/9780892814558.jpg'.
INFO: spreadsheet.insert_image: Inserted '/home/john/.local/share/artemis_sg/downloaded_images/thumbnails/9780905249971.jpg'.
INFO: spreadsheet.insert_image: Inserted '/home/john/.local/share/artemis_sg/downloaded_images/thumbnails/9781844097456.jpg'.
INFO: spreadsheet.insert_image: Inserted '/home/john/.local/share/artemis_sg/downloaded_images/thumbnails/9781591433507.jpg'.
INFO: spreadsheet.insert_image: Inserted '/home/john/.local/share/artemis_sg/downloaded_images/thumbnails/9781591433545.jpg'.
INFO: spreadsheet.insert_image: Inserted '/home/john/.local/share/artemis_sg/downloaded_images/thumbnails/9781594774881.jpg'.
INFO: spreadsheet.insert_image: Inserted '/home/john/.local/share/artemis_sg/downloaded_images/thumbnails/9781644114544.jpg'.
INFO: spreadsheet.insert_image: Inserted '/home/john/.local/share/artemis_sg/downloaded_images/thumbnails/9781620556627.jpg'.
INFO: spreadsheet.insert_image: Inserted '/home/john/.local/share/artemis_sg/downloaded_images/thumbnails/9781591432777.jpg'.
INFO: spreadsheet.insert_image: Inserted '/home/john/.local/share/artemis_sg/downloaded_images/thumbnails/9781844096299.jpg'.
INFO: spreadsheet.insert_image: Inserted '/home/john/.local/share/artemis_sg/downloaded_images/thumbnails/9781620558102.jpg'.
INFO: spreadsheet.insert_image: Inserted '/home/john/.local/share/artemis_sg/downloaded_images/thumbnails/9781620558850.jpg'.
INFO: spreadsheet.insert_image: Inserted '/home/john/.local/share/artemis_sg/downloaded_images/thumbnails/9781620559321.jpg'.
INFO: spreadsheet.insert_image: Inserted '/home/john/.local/share/artemis_sg/downloaded_images/thumbnails/9780939680146.jpg'.
INFO: spreadsheet.insert_image: Inserted '/home/john/.local/share/artemis_sg/downloaded_images/thumbnails/9781591432883.jpg'.
INFO: spreadsheet.insert_image: Inserted '/home/john/.local/share/artemis_sg/downloaded_images/thumbnails/9781591432470.jpg'.
INFO: spreadsheet.insert_image: Inserted '/home/john/.local/share/artemis_sg/downloaded_images/thumbnails/9780892819041.jpg'.
INFO: spreadsheet.insert_image: Inserted '/home/john/.local/share/artemis_sg/downloaded_images/thumbnails/9781620556382.jpg'.
INFO: spreadsheet.insert_image: Inserted '/home/john/.local/share/artemis_sg/downloaded_images/thumbnails/9781620553015.jpg'.
INFO: spreadsheet.insert_image: Inserted '/home/john/.local/share/artemis_sg/downloaded_images/thumbnails/9781594770821.jpg'.
INFO: spreadsheet.insert_image: Inserted '/home/john/.local/share/artemis_sg/downloaded_images/thumbnails/9781620558065.jpg'.
INFO: spreadsheet.insert_image: Inserted '/home/john/.local/share/artemis_sg/downloaded_images/thumbnails/9781644114636.jpg'.
INFO: spreadsheet.insert_image: Inserted '/home/john/.local/share/artemis_sg/downloaded_images/thumbnails/9781620558799.jpg'.
INFO: spreadsheet.insert_image: Inserted '/home/john/.local/share/artemis_sg/downloaded_images/thumbnails/9780892816170.jpg'.
INFO: spreadsheet.insert_image: Inserted '/home/john/.local/share/artemis_sg/downloaded_images/thumbnails/9781620557761.jpg'.
INFO: spreadsheet.insert_image: Inserted '/home/john/.local/share/artemis_sg/downloaded_images/thumbnails/9781644112205.jpg'.
INFO: spreadsheet.insert_image: Inserted '/home/john/.local/share/artemis_sg/downloaded_images/thumbnails/9781620557662.jpg'.
INFO: spreadsheet.insert_image: Inserted '/home/john/.local/share/artemis_sg/downloaded_images/thumbnails/9781620557723.jpg'.
INFO: spreadsheet.insert_image: Inserted '/home/john/.local/share/artemis_sg/downloaded_images/thumbnails/9780738770352.jpg'.
INFO: spreadsheet.insert_image: Inserted '/home/john/.local/share/artemis_sg/downloaded_images/thumbnails/9781620559635.jpg'.
INFO: spreadsheet.insert_image: Inserted '/home/john/.local/share/artemis_sg/downloaded_images/thumbnails/9781844091669.jpg'.
INFO: spreadsheet.insert_image: Inserted '/home/john/.local/share/artemis_sg/downloaded_images/thumbnails/9781844091508.jpg'.
INFO: spreadsheet.insert_image: Inserted '/home/john/.local/share/artemis_sg/downloaded_images/thumbnails/9781844097005.jpg'.
INFO: spreadsheet.insert_image: Inserted '/home/john/.local/share/artemis_sg/downloaded_images/thumbnails/9780738763811.jpg'.
INFO: spreadsheet.insert_image: Inserted '/home/john/.local/share/artemis_sg/downloaded_images/thumbnails/9780738720609.jpg'.
INFO: spreadsheet.insert_image: Inserted '/home/john/.local/share/artemis_sg/downloaded_images/thumbnails/9781591433583.jpg'.
INFO: spreadsheet.insert_image: Inserted '/home/john/.local/share/artemis_sg/downloaded_images/thumbnails/9781591430209.jpg'.
INFO: spreadsheet.insert_image: Inserted '/home/john/.local/share/artemis_sg/downloaded_images/thumbnails/9781644115169.jpg'.
INFO: spreadsheet.insert_image: Inserted '/home/john/.local/share/artemis_sg/downloaded_images/thumbnails/9781594771903.jpg'.
INFO: spreadsheet.insert_image: Inserted '/home/john/.local/share/artemis_sg/downloaded_images/thumbnails/9781594772665.jpg'.
INFO: spreadsheet.insert_image: Inserted '/home/john/.local/share/artemis_sg/downloaded_images/thumbnails/9781594771460.jpg'.
INFO: spreadsheet.insert_image: Inserted '/home/john/.local/share/artemis_sg/downloaded_images/thumbnails/9781620555279.jpg'.
INFO: spreadsheet.insert_image: Inserted '/home/john/.local/share/artemis_sg/downloaded_images/thumbnails/9781591432937.jpg'.
INFO: spreadsheet.insert_image: Inserted '/home/john/.local/share/artemis_sg/downloaded_images/thumbnails/9781591431206.jpg'.
INFO: spreadsheet.insert_image: Inserted '/home/john/.local/share/artemis_sg/downloaded_images/thumbnails/9781591430193.jpg'.
INFO: spreadsheet.insert_image: Inserted '/home/john/.local/share/artemis_sg/downloaded_images/thumbnails/9781879181885.jpg'.
INFO: spreadsheet.insert_image: Inserted '/home/john/.local/share/artemis_sg/downloaded_images/thumbnails/9781591431381.jpg'.
INFO: spreadsheet.insert_image: Inserted '/home/john/.local/share/artemis_sg/downloaded_images/thumbnails/9781591430711.jpg'.
INFO: spreadsheet.insert_image: Inserted '/home/john/.local/share/artemis_sg/downloaded_images/thumbnails/9781591430476.jpg'.
INFO: spreadsheet.insert_image: Inserted '/home/john/.local/share/artemis_sg/downloaded_images/thumbnails/9781591430049.jpg'.
INFO: spreadsheet.insert_image: Inserted '/home/john/.local/share/artemis_sg/downloaded_images/thumbnails/9781620554685.jpg'.
INFO: spreadsheet.insert_image: Inserted '/home/john/.local/share/artemis_sg/downloaded_images/thumbnails/9781594771330.jpg'.
INFO: spreadsheet.insert_image: Inserted '/home/john/.local/share/artemis_sg/downloaded_images/thumbnails/9781591433194.jpg'.
INFO: spreadsheet.insert_image: Inserted '/home/john/.local/share/artemis_sg/downloaded_images/thumbnails/9781591432999.jpg'.
INFO: spreadsheet.insert_image: Inserted '/home/john/.local/share/artemis_sg/downloaded_images/thumbnails/9781591430056.jpg'.
INFO: spreadsheet.insert_image: Inserted '/home/john/.local/share/artemis_sg/downloaded_images/thumbnails/9781591432159.jpg'.
INFO: spreadsheet.insert_image: Inserted '/home/john/.local/share/artemis_sg/downloaded_images/thumbnails/9781591433668.jpg'.
INFO: spreadsheet.insert_image: Inserted '/home/john/.local/share/artemis_sg/downloaded_images/thumbnails/9781594774935.jpg'.
INFO: spreadsheet.insert_image: Inserted '/home/john/.local/share/artemis_sg/downloaded_images/thumbnails/9781591432333.jpg'.
INFO: spreadsheet.insert_image: Inserted '/home/john/.local/share/artemis_sg/downloaded_images/thumbnails/9781591431213.jpg'.
INFO: spreadsheet.insert_image: Inserted '/home/john/.local/share/artemis_sg/downloaded_images/thumbnails/9781879181168.jpg'.
INFO: spreadsheet.insert_image: Inserted '/home/john/.local/share/artemis_sg/downloaded_images/thumbnails/9780892814121.jpg'.
INFO: spreadsheet.insert_image: Inserted '/home/john/.local/share/artemis_sg/downloaded_images/thumbnails/9781591430087.jpg'.
INFO: spreadsheet.insert_image: Inserted '/home/john/.local/share/artemis_sg/downloaded_images/thumbnails/9780892810925.jpg'.
INFO: spreadsheet.insert_image: Inserted '/home/john/.local/share/artemis_sg/downloaded_images/thumbnails/9781591433446.jpg'.
INFO: spreadsheet.insert_image: Inserted '/home/john/.local/share/artemis_sg/downloaded_images/thumbnails/9781800181656.jpg'.
INFO: spreadsheet.insert_image: Inserted '/home/john/.local/share/artemis_sg/downloaded_images/thumbnails/9781800181670.jpg'.
INFO: spreadsheet.insert_image: Inserted '/home/john/.local/share/artemis_sg/downloaded_images/thumbnails/9781800181892.jpg'.
INFO: spreadsheet.insert_image: Inserted '/home/john/.local/share/artemis_sg/downloaded_images/thumbnails/9781783529377.jpg'.
INFO: spreadsheet.insert_image: Inserted '/home/john/.local/share/artemis_sg/downloaded_images/thumbnails/9780871666659.jpg'.
INFO: spreadsheet.insert_image: Inserted '/home/john/.local/share/artemis_sg/downloaded_images/thumbnails/9780769209722.jpg'.
INFO: spreadsheet.insert_image: Inserted '/home/john/.local/share/artemis_sg/downloaded_images/thumbnails/9780882848303.jpg'.
INFO: spreadsheet.insert_image: Inserted '/home/john/.local/share/artemis_sg/downloaded_images/thumbnails/9781591431817.jpg'.
INFO: spreadsheet.insert_image: Inserted '/home/john/.local/share/artemis_sg/downloaded_images/thumbnails/9780892814145.jpg'.
INFO: spreadsheet.insert_image: Inserted '/home/john/.local/share/artemis_sg/downloaded_images/thumbnails/9780892814770.jpg'.
INFO: spreadsheet.insert_image: Inserted '/home/john/.local/share/artemis_sg/downloaded_images/thumbnails/9781594770814.jpg'.
INFO: spreadsheet.insert_image: Inserted '/home/john/.local/share/artemis_sg/downloaded_images/thumbnails/9781591430797.jpg'.
INFO: spreadsheet.insert_image: Inserted '/home/john/.local/share/artemis_sg/downloaded_images/thumbnails/9781771645768.jpg'.
INFO: spreadsheet.insert_image: Inserted '/home/john/.local/share/artemis_sg/downloaded_images/thumbnails/9781844091355.jpg'.
INFO: spreadsheet.insert_image: Inserted '/home/john/.local/share/artemis_sg/downloaded_images/thumbnails/9781771648912.jpg'.
INFO: spreadsheet.insert_image: Inserted '/home/john/.local/share/artemis_sg/downloaded_images/thumbnails/9781771649407.jpg'.
INFO: spreadsheet.insert_image: Inserted '/home/john/.local/share/artemis_sg/downloaded_images/thumbnails/9781771646734.jpg'.
INFO: spreadsheet.insert_image: Inserted '/home/john/.local/share/artemis_sg/downloaded_images/thumbnails/9781778401428.jpg'.
INFO: spreadsheet.insert_image: Inserted '/home/john/.local/share/artemis_sg/downloaded_images/thumbnails/9781771645096.jpg'.
INFO: spreadsheet.insert_image: Inserted '/home/john/.local/share/artemis_sg/downloaded_images/thumbnails/9781771648851.jpg'.
INFO: spreadsheet.insert_image: Inserted '/home/john/.local/share/artemis_sg/downloaded_images/thumbnails/9781620555064.jpg'.
INFO: spreadsheet.insert_image: Inserted '/home/john/.local/share/artemis_sg/downloaded_images/thumbnails/9781644114223.jpg'.
INFO: spreadsheet.insert_image: Inserted '/home/john/.local/share/artemis_sg/downloaded_images/thumbnails/9781594773228.jpg'.
INFO: spreadsheet.insert_image: Inserted '/home/john/.local/share/artemis_sg/downloaded_images/thumbnails/9780892818952.jpg'.
INFO: spreadsheet.insert_image: Inserted '/home/john/.local/share/artemis_sg/downloaded_images/thumbnails/9781950354986.jpg'.
INFO: spreadsheet.insert_image: Inserted '/home/john/.local/share/artemis_sg/downloaded_images/thumbnails/9781594770470.jpg'.
INFO: spreadsheet.insert_image: Inserted '/home/john/.local/share/artemis_sg/downloaded_images/thumbnails/9781644112694.jpg'.
INFO: spreadsheet.insert_image: Inserted '/home/john/.local/share/artemis_sg/downloaded_images/thumbnails/9781999747176.jpg'.
INFO: spreadsheet.insert_image: Inserted '/home/john/.local/share/artemis_sg/downloaded_images/thumbnails/9781620555750.jpg'.
INFO: spreadsheet.insert_image: Inserted '/home/john/.local/share/artemis_sg/downloaded_images/thumbnails/9781912891054.jpg'.
INFO: spreadsheet.insert_image: Inserted '/home/john/.local/share/artemis_sg/downloaded_images/thumbnails/9781912891115.jpg'.
INFO: spreadsheet.insert_image: Inserted '/home/john/.local/share/artemis_sg/downloaded_images/thumbnails/9781912891047.jpg'.
INFO: spreadsheet.insert_image: Inserted '/home/john/.local/share/artemis_sg/downloaded_images/thumbnails/9781912891016.jpg'.
INFO: spreadsheet.insert_image: Inserted '/home/john/.local/share/artemis_sg/downloaded_images/thumbnails/9780892812929.jpg'.
INFO: spreadsheet.insert_image: Inserted '/home/john/.local/share/artemis_sg/downloaded_images/thumbnails/9781620555101.jpg'.
INFO: spreadsheet.insert_image: Inserted '/home/john/.local/share/artemis_sg/downloaded_images/thumbnails/9781844097326.jpg'.
INFO: spreadsheet.insert_image: Inserted '/home/john/.local/share/artemis_sg/downloaded_images/thumbnails/9781644116777.jpg'.
INFO: spreadsheet.insert_image: Inserted '/home/john/.local/share/artemis_sg/downloaded_images/thumbnails/9781912891146.jpg'.
INFO: spreadsheet.insert_image: Inserted '/home/john/.local/share/artemis_sg/downloaded_images/thumbnails/9781879181175.jpg'.
INFO: spreadsheet.insert_image: Inserted '/home/john/.local/share/artemis_sg/downloaded_images/thumbnails/9780892814923.jpg'.
INFO: spreadsheet.insert_image: Inserted '/home/john/.local/share/artemis_sg/downloaded_images/thumbnails/9781594773679.jpg'.
INFO: spreadsheet.insert_image: Inserted '/home/john/.local/share/artemis_sg/downloaded_images/thumbnails/9781594771880.jpg'.
INFO: spreadsheet.insert_image: Inserted '/home/john/.local/share/artemis_sg/downloaded_images/thumbnails/9780892815258.jpg'.
INFO: spreadsheet.insert_image: Inserted '/home/john/.local/share/artemis_sg/downloaded_images/thumbnails/9781620555590.jpg'.
INFO: spreadsheet.insert_image: Inserted '/home/john/.local/share/artemis_sg/downloaded_images/thumbnails/9781620553190.jpg'.
INFO: spreadsheet.insert_image: Inserted '/home/john/.local/share/artemis_sg/downloaded_images/thumbnails/9781912891030.jpg'.
INFO: spreadsheet.insert_image: Inserted '/home/john/.local/share/artemis_sg/downloaded_images/thumbnails/9780892817528.jpg'.
INFO: spreadsheet.insert_image: Inserted '/home/john/.local/share/artemis_sg/downloaded_images/thumbnails/9780892818617.jpg'.
INFO: spreadsheet.insert_image: Inserted '/home/john/.local/share/artemis_sg/downloaded_images/thumbnails/9781644112359.jpg'.
INFO: spreadsheet.insert_image: Inserted '/home/john/.local/share/artemis_sg/downloaded_images/thumbnails/9780892815203.jpg'.
INFO: spreadsheet.insert_image: Inserted '/home/john/.local/share/artemis_sg/downloaded_images/thumbnails/9780892819768.jpg'.
INFO: spreadsheet.insert_image: Inserted '/home/john/.local/share/artemis_sg/downloaded_images/thumbnails/9781620553725.jpg'.
INFO: spreadsheet.insert_image: Inserted '/home/john/.local/share/artemis_sg/downloaded_images/thumbnails/9780939680115.jpg'.
INFO: spreadsheet.insert_image: Inserted '/home/john/.local/share/artemis_sg/downloaded_images/thumbnails/9780939680474.jpg'.
INFO: spreadsheet.insert_image: Inserted '/home/john/.local/share/artemis_sg/downloaded_images/thumbnails/9781591434139.jpg'.
INFO: spreadsheet.insert_image: Inserted '/home/john/.local/share/artemis_sg/downloaded_images/thumbnails/9781771648257.jpg'.
INFO: spreadsheet.insert_image: Inserted '/home/john/.local/share/artemis_sg/downloaded_images/thumbnails/9781771648196.jpg'.
INFO: spreadsheet.insert_image: Inserted '/home/john/.local/share/artemis_sg/downloaded_images/thumbnails/9780892817580.jpg'.
INFO: spreadsheet.insert_image: Inserted '/home/john/.local/share/artemis_sg/downloaded_images/thumbnails/9780892817832.jpg'.
INFO: spreadsheet.insert_image: Inserted '/home/john/.local/share/artemis_sg/downloaded_images/thumbnails/9781778400339.jpg'.
INFO: spreadsheet.insert_image: Inserted '/home/john/.local/share/artemis_sg/downloaded_images/thumbnails/9781771644860.jpg'.
INFO: spreadsheet.insert_image: Inserted '/home/john/.local/share/artemis_sg/downloaded_images/thumbnails/9781771649094.jpg'.
INFO: spreadsheet.insert_image: Inserted '/home/john/.local/share/artemis_sg/downloaded_images/thumbnails/9780738747903.jpg'.
INFO: spreadsheet.insert_image: Inserted '/home/john/.local/share/artemis_sg/downloaded_images/thumbnails/9780892818235.jpg'.
