009 (002.000.000) 2023-05-26 11:13:52 Job was aborted.
	via condor_rm (by user maxhartke)
...
009 (004.000.000) 2023-05-26 11:13:52 Job was aborted.
	via condor_rm (by user maxhartke)
...

000 (008.000.000) 2023-06-12 13:33:34 Job submitted from host: <127.0.0.1:59087?addrs=127.0.0.1-59087&alias=maxs-macbook-pro.local&noUDP&sock=schedd_43354_71d2>
...
000 (008.001.000) 2023-06-12 13:33:34 Job submitted from host: <127.0.0.1:59087?addrs=127.0.0.1-59087&alias=maxs-macbook-pro.local&noUDP&sock=schedd_43354_71d2>
...
001 (008.001.000) 2023-06-12 13:33:35 Job executing on host: <127.0.0.1:59087?addrs=127.0.0.1-59087&alias=maxs-macbook-pro.local&noUDP&sock=startd_43354_71d2>
	SlotName: slot2@maxs-macbook-pro.local
	CondorScratchDir = "/Users/maxhartke/htcondor/__build/release_dir/local.maxs-macbook-pro/execute/dir_43534"
	Cpus = 1
	Disk = 38130888
	Memory = 2048
...
001 (008.000.000) 2023-06-12 13:33:35 Job executing on host: <127.0.0.1:59087?addrs=127.0.0.1-59087&alias=maxs-macbook-pro.local&noUDP&sock=startd_43354_71d2>
	SlotName: slot1@maxs-macbook-pro.local
	CondorScratchDir = "/Users/maxhartke/htcondor/__build/release_dir/local.maxs-macbook-pro/execute/dir_43533"
	Cpus = 1
	Disk = 38130888
	Memory = 2048
...
006 (008.000.000) 2023-06-12 13:33:43 Image size of job updated: 150
	2  -  MemoryUsage of job (MB)
	1856  -  ResidentSetSize of job (KB)
...
006 (008.001.000) 2023-06-12 13:33:43 Image size of job updated: 1312
	2  -  MemoryUsage of job (MB)
	2000  -  ResidentSetSize of job (KB)
...
006 (008.000.000) 2023-06-12 13:35:15 Image size of job updated: 896
	2  -  MemoryUsage of job (MB)
	1856  -  ResidentSetSize of job (KB)
...
005 (008.001.000) 2023-06-12 13:35:15 Job terminated.
	(1) Normal termination (return value 0)
		Usr 0 00:00:00, Sys 0 00:00:00  -  Run Remote Usage
		Usr 0 00:00:00, Sys 0 00:00:00  -  Run Local Usage
		Usr 0 00:00:00, Sys 0 00:00:00  -  Total Remote Usage
		Usr 0 00:00:00, Sys 0 00:00:00  -  Total Local Usage
	0  -  Run Bytes Sent By Job
	0  -  Run Bytes Received By Job
	0  -  Total Bytes Sent By Job
	0  -  Total Bytes Received By Job
	Partitionable Resources :    Usage  Request Allocated 
	   Cpus                 :                 1         1 
	   Disk (KB)            :      150      150  38130888 
	   Memory (MB)          :        2        1      2048 

	Job terminated of its own accord at 2023-06-12T18:35:15Z with exit-code 0.
...
005 (008.000.000) 2023-06-12 13:35:15 Job terminated.
	(1) Normal termination (return value 0)
		Usr 0 00:00:00, Sys 0 00:00:00  -  Run Remote Usage
		Usr 0 00:00:00, Sys 0 00:00:00  -  Run Local Usage
		Usr 0 00:00:00, Sys 0 00:00:00  -  Total Remote Usage
		Usr 0 00:00:00, Sys 0 00:00:00  -  Total Local Usage
	0  -  Run Bytes Sent By Job
	0  -  Run Bytes Received By Job
	0  -  Total Bytes Sent By Job
	0  -  Total Bytes Received By Job
	Partitionable Resources :    Usage  Request Allocated 
	   Cpus                 :                 1         1 
	   Disk (KB)            :      150      150  38130888 
	   Memory (MB)          :        2        1      2048 

	Job terminated of its own accord at 2023-06-12T18:35:15Z with exit-code 0.
...
000 (009.000.000) 2023-06-12 14:16:45 Job submitted from host: <127.0.0.1:59087?addrs=127.0.0.1-59087&alias=maxs-macbook-pro.local&noUDP&sock=schedd_43354_71d2>
...
001 (009.000.000) 2023-06-12 14:16:54 Job executing on host: <127.0.0.1:59087?addrs=127.0.0.1-59087&alias=maxs-macbook-pro.local&noUDP&sock=startd_43354_71d2>
	SlotName: slot1@maxs-macbook-pro.local
	CondorScratchDir = "/Users/maxhartke/htcondor/__build/release_dir/local.maxs-macbook-pro/execute/dir_44861"
	Cpus = 1
	Disk = 38130888
	Memory = 2048
...
006 (009.000.000) 2023-06-12 14:17:03 Image size of job updated: 150
	2  -  MemoryUsage of job (MB)
	1840  -  ResidentSetSize of job (KB)
...
006 (009.000.000) 2023-06-12 14:18:34 Image size of job updated: 896
	2  -  MemoryUsage of job (MB)
	1840  -  ResidentSetSize of job (KB)
...
005 (009.000.000) 2023-06-12 14:18:34 Job terminated.
	(1) Normal termination (return value 0)
		Usr 0 00:00:00, Sys 0 00:00:00  -  Run Remote Usage
		Usr 0 00:00:00, Sys 0 00:00:00  -  Run Local Usage
		Usr 0 00:00:00, Sys 0 00:00:00  -  Total Remote Usage
		Usr 0 00:00:00, Sys 0 00:00:00  -  Total Local Usage
	0  -  Run Bytes Sent By Job
	0  -  Run Bytes Received By Job
	0  -  Total Bytes Sent By Job
	0  -  Total Bytes Received By Job
	Partitionable Resources :    Usage  Request Allocated 
	   Cpus                 :        0        1         1 
	   Disk (KB)            :      150      150  38130888 
	   Memory (MB)          :        2        1      2048 

	Job terminated of its own accord at 2023-06-12T19:18:34Z with exit-code 0.
...
000 (012.000.000) 2023-06-21 12:32:14 Job submitted from host: <127.0.0.1:63912?addrs=127.0.0.1-63912&alias=maxs-macbook-pro.local&noUDP&sock=schedd_32293_84c4>
...
001 (012.000.000) 2023-06-21 12:32:14 Job executing on host: <127.0.0.1:63912?addrs=127.0.0.1-63912&alias=maxs-macbook-pro.local&noUDP&sock=startd_32293_84c4>
	SlotName: slot1@maxs-macbook-pro.local
	CondorScratchDir = "/Users/maxhartke/htcondor/__build/release_dir/local.maxs-macbook-pro/execute/dir_32435"
	Cpus = 1
	Disk = 37771365
	Memory = 2048
...
006 (012.000.000) 2023-06-21 12:32:22 Image size of job updated: 150
	2  -  MemoryUsage of job (MB)
	1712  -  ResidentSetSize of job (KB)
...
006 (012.000.000) 2023-06-21 12:33:54 Image size of job updated: 912
	2  -  MemoryUsage of job (MB)
	1712  -  ResidentSetSize of job (KB)
...
005 (012.000.000) 2023-06-21 12:33:54 Job terminated.
	(1) Normal termination (return value 0)
		Usr 0 00:00:00, Sys 0 00:00:00  -  Run Remote Usage
		Usr 0 00:00:00, Sys 0 00:00:00  -  Run Local Usage
		Usr 0 00:00:00, Sys 0 00:00:00  -  Total Remote Usage
		Usr 0 00:00:00, Sys 0 00:00:00  -  Total Local Usage
	0  -  Run Bytes Sent By Job
	0  -  Run Bytes Received By Job
	0  -  Total Bytes Sent By Job
	0  -  Total Bytes Received By Job
	Partitionable Resources :    Usage  Request Allocated 
	   Cpus                 :                 1         1 
	   Disk (KB)            :      150      150  37771365 
	   Memory (MB)          :        2        1      2048 

	Job terminated of its own accord at 2023-06-21T17:33:54Z with exit-code 0.
...
000 (645.000.000) 2023-08-11 14:40:38 Job submitted from host: <127.0.0.1:49333?addrs=127.0.0.1-49333&alias=maxs-macbook-pro.local&noUDP&sock=schedd_52341_c773>
...
001 (645.000.000) 2023-08-11 14:40:38 Job executing on host: <127.0.0.1:49333?addrs=127.0.0.1-49333&alias=maxs-macbook-pro.local&noUDP&sock=startd_52341_c773>
	SlotName: slot1@maxs-macbook-pro.local
	CondorScratchDir = "/Users/maxhartke/htcondor/__build/release_dir/local.maxs-macbook-pro/execute/dir_57324"
	Cpus = 1
	Disk = 35644953
	Memory = 2048
...
006 (645.000.000) 2023-08-11 14:40:38 Image size of job updated: 150
	2  -  MemoryUsage of job (MB)
	1744  -  ResidentSetSize of job (KB)
...
005 (645.000.000) 2023-08-11 14:40:38 Job terminated.
	(1) Normal termination (return value 1)
		Usr 0 00:00:00, Sys 0 00:00:00  -  Run Remote Usage
		Usr 0 00:00:00, Sys 0 00:00:00  -  Run Local Usage
		Usr 0 00:00:00, Sys 0 00:00:00  -  Total Remote Usage
		Usr 0 00:00:00, Sys 0 00:00:00  -  Total Local Usage
	0  -  Run Bytes Sent By Job
	0  -  Run Bytes Received By Job
	0  -  Total Bytes Sent By Job
	0  -  Total Bytes Received By Job
	Partitionable Resources :    Usage  Request Allocated 
	   Cpus                 :                 1         1 
	   Disk (KB)            :      150      150  35644953 
	   Memory (MB)          :        2        1      2048 

	Job terminated of its own accord at 2023-08-11T19:40:38Z with exit-code 1.
...
000 (646.000.000) 2023-08-11 14:42:08 Job submitted from host: <127.0.0.1:49333?addrs=127.0.0.1-49333&alias=maxs-macbook-pro.local&noUDP&sock=schedd_52341_c773>
...
001 (646.000.000) 2023-08-11 14:42:08 Job executing on host: <127.0.0.1:49333?addrs=127.0.0.1-49333&alias=maxs-macbook-pro.local&noUDP&sock=startd_52341_c773>
	SlotName: slot1@maxs-macbook-pro.local
	CondorScratchDir = "/Users/maxhartke/htcondor/__build/release_dir/local.maxs-macbook-pro/execute/dir_57566"
	Cpus = 1
	Disk = 35644953
	Memory = 2048
...
006 (646.000.000) 2023-08-11 14:42:08 Image size of job updated: 150
	2  -  MemoryUsage of job (MB)
	1696  -  ResidentSetSize of job (KB)
...
005 (646.000.000) 2023-08-11 14:42:08 Job terminated.
	(1) Normal termination (return value 1)
		Usr 0 00:00:00, Sys 0 00:00:00  -  Run Remote Usage
		Usr 0 00:00:00, Sys 0 00:00:00  -  Run Local Usage
		Usr 0 00:00:00, Sys 0 00:00:00  -  Total Remote Usage
		Usr 0 00:00:00, Sys 0 00:00:00  -  Total Local Usage
	0  -  Run Bytes Sent By Job
	0  -  Run Bytes Received By Job
	0  -  Total Bytes Sent By Job
	0  -  Total Bytes Received By Job
	Partitionable Resources :    Usage  Request Allocated 
	   Cpus                 :                 1         1 
	   Disk (KB)            :      150      150  35644953 
	   Memory (MB)          :        2        1      2048 

	Job terminated of its own accord at 2023-08-11T19:42:08Z with exit-code 1.
...
